<?xml version="1.0" encoding="UTF-8"?>
<!-- Generated by org.testng.reporters.JUnitXMLReporter -->
<testsuite hostname="PC-20171213FAZD" ignored="0" name="用户管理侧测试用例" tests="7" failures="1" timestamp="2020-04-17T15:11:59 CST" time="34.685" errors="0">
  <testcase name="loginTrue" time="13.02" classname="com.course.cases.LoginTest"/>
  <testcase name="loginFalse" time="0.298" classname="com.course.cases.LoginTest"/>
  <testcase name="addUser" time="9.288" classname="com.course.cases.AddUserTest">
    <failure type="org.apache.ibatis.exceptions.TooManyResultsException" message="Expected one result (or null) to be returned by selectOne(), but found: 4">
      <![CDATA[org.apache.ibatis.exceptions.TooManyResultsException: Expected one result (or null) to be returned by selectOne(), but found: 4
at org.apache.ibatis.session.defaults.DefaultSqlSession.selectOne(DefaultSqlSession.java:81)
at com.course.cases.AddUserTest.addUser(AddUserTest.java:31)
at java.util.ArrayList.forEach(ArrayList.java:1257)
... Removed 31 stack frames]]>
    </failure>
  </testcase> <!-- addUser -->
  <testcase name="getUserInfo" time="6.051" classname="com.course.cases.GetUserInfoTest"/>
  <testcase name="updateUserInfo" time="4.258" classname="com.course.cases.UpdateUserInfoTest"/>
  <testcase name="deleteUser" time="0.265" classname="com.course.cases.UpdateUserInfoTest"/>
  <testcase name="getUserListInfo" time="0.944" classname="com.course.cases.GetUserInfoListTest"/>
</testsuite> <!-- 用户管理侧测试用例 -->
