<?xml version="1.0" encoding="UTF-8"?>
<testsuite xmlns:xsi="http://www.w3.org/2001/XMLSchema-instance" xsi:noNamespaceSchemaLocation="https://maven.apache.org/surefire/maven-surefire-plugin/xsd/surefire-test-report.xsd" name="TestSuite" time="38.75" tests="7" errors="0" skipped="0" failures="1">
  <properties>
[...]
</properties>
  <testcase name="loginTrue" classname="com.course.cases.LoginTest" time="13.023"/>
  <testcase name="loginFalse" classname="com.course.cases.LoginTest" time="0.3"/>
  <testcase name="addUser" classname="com.course.cases.AddUserTest" time="9.795">
    <failure message="Expected one result (or null) to be returned by selectOne(), but found: 4" type="org.apache.ibatis.exceptions.TooManyResultsException">org.apache.ibatis.exceptions.TooManyResultsException: Expected one result (or null) to be returned by selectOne(), but found: 4
	at com.course.cases.AddUserTest.addUser(AddUserTest.java:31)
</failure>
    <system-out><![CDATA[AddUserCase(userName=zhao9, password=zhaozhao, age=32, sex=0, permission=1, isDelete=0, expected=true)
http://127.0.0.1:8866/v1/addUser
]]></system-out>
  </testcase>
  <testcase name="getUserInfo" classname="com.course.cases.GetUserInfoTest" time="6.051"/>
  <testcase name="updateUserInfo" classname="com.course.cases.UpdateUserInfoTest" time="4.257"/>
  <testcase name="deleteUser" classname="com.course.cases.UpdateUserInfoTest" time="0.266"/>
  <testcase name="getUserListInfo" classname="com.course.cases.GetUserInfoListTest" time="0.947"/>
</testsuite>