<?xml version="1.0" encoding="UTF-8"?>
<testng-results skipped="0" failed="1" ignored="0" total="7" passed="6">
  <reporter-output>
  </reporter-output>
  <suite name="用户管理系统测试套件" duration-ms="34685" started-at="2020-04-17T15:11:25 CST" finished-at="2020-04-17T15:11:59 CST">
    <groups>
      <group name="loginTrue">
        <method signature="LoginTest.loginTrue()[pri:0, instance:com.course.cases.LoginTest@1ce92674]" name="loginTrue" class="com.course.cases.LoginTest"/>
      </group> <!-- loginTrue -->
      <group name="loginFalse">
        <method signature="LoginTest.loginFalse()[pri:0, instance:com.course.cases.LoginTest@1ce92674]" name="loginFalse" class="com.course.cases.LoginTest"/>
      </group> <!-- loginFalse -->
    </groups>
    <test name="用户管理侧测试用例" duration-ms="34685" started-at="2020-04-17T15:11:25 CST" finished-at="2020-04-17T15:11:59 CST">
      <class name="com.course.cases.UpdateUserInfoTest">
        <test-method status="PASS" signature="updateUserInfo()[pri:0, instance:com.course.cases.UpdateUserInfoTest@5bcab519]" name="updateUserInfo" duration-ms="4258" depends-on-groups="loginTrue" started-at="2020-04-17T15:11:54 CST" description="更改用户信息" finished-at="2020-04-17T15:11:58 CST">
          <reporter-output>
          </reporter-output>
        </test-method> <!-- updateUserInfo -->
        <test-method status="PASS" signature="deleteUser()[pri:0, instance:com.course.cases.UpdateUserInfoTest@5bcab519]" name="deleteUser" duration-ms="265" depends-on-groups="loginTrue" started-at="2020-04-17T15:11:58 CST" description="删除用户信息" finished-at="2020-04-17T15:11:58 CST">
          <reporter-output>
          </reporter-output>
        </test-method> <!-- deleteUser -->
      </class> <!-- com.course.cases.UpdateUserInfoTest -->
      <class name="com.course.cases.GetUserInfoTest">
        <test-method status="PASS" signature="getUserInfo()[pri:0, instance:com.course.cases.GetUserInfoTest@6fd02e5]" name="getUserInfo" duration-ms="6051" depends-on-groups="loginTrue" started-at="2020-04-17T15:11:48 CST" description="获取用户id为1的用户" finished-at="2020-04-17T15:11:54 CST">
          <reporter-output>
          </reporter-output>
        </test-method> <!-- getUserInfo -->
      </class> <!-- com.course.cases.GetUserInfoTest -->
      <class name="com.course.cases.LoginTest">
        <test-method status="PASS" signature="beforeTest()[pri:0, instance:com.course.cases.LoginTest@1ce92674]" name="beforeTest" is-config="true" duration-ms="26" started-at="2020-04-17T15:11:25 CST" description="测试准备工作，获取httpClient对象" finished-at="2020-04-17T15:11:25 CST">
          <reporter-output>
          </reporter-output>
        </test-method> <!-- beforeTest -->
        <test-method status="PASS" signature="loginTrue()[pri:0, instance:com.course.cases.LoginTest@1ce92674]" name="loginTrue" duration-ms="13020" started-at="2020-04-17T15:11:25 CST" description="用户登录成功接口测试" finished-at="2020-04-17T15:11:38 CST">
          <reporter-output>
          </reporter-output>
        </test-method> <!-- loginTrue -->
        <test-method status="PASS" signature="loginFalse()[pri:0, instance:com.course.cases.LoginTest@1ce92674]" name="loginFalse" duration-ms="298" started-at="2020-04-17T15:11:38 CST" description="用户登录失败接口测试" finished-at="2020-04-17T15:11:38 CST">
          <reporter-output>
          </reporter-output>
        </test-method> <!-- loginFalse -->
      </class> <!-- com.course.cases.LoginTest -->
      <class name="com.course.cases.GetUserInfoListTest">
        <test-method status="PASS" signature="getUserListInfo()[pri:0, instance:com.course.cases.GetUserInfoListTest@e45f292]" name="getUserListInfo" duration-ms="944" depends-on-groups="loginTrue" started-at="2020-04-17T15:11:58 CST" description="获取性别为男的用户信息" finished-at="2020-04-17T15:11:59 CST">
          <reporter-output>
          </reporter-output>
        </test-method> <!-- getUserListInfo -->
      </class> <!-- com.course.cases.GetUserInfoListTest -->
      <class name="com.course.cases.AddUserTest">
        <test-method status="FAIL" signature="addUser()[pri:0, instance:com.course.cases.AddUserTest@5700d6b1]" name="addUser" duration-ms="9288" depends-on-groups="loginTrue" started-at="2020-04-17T15:11:38 CST" description="添加用户接口测试" finished-at="2020-04-17T15:11:47 CST">
          <exception class="org.apache.ibatis.exceptions.TooManyResultsException">
            <message>
              <![CDATA[Expected one result (or null) to be returned by selectOne(), but found: 4]]>
            </message>
            <full-stacktrace>
              <![CDATA[org.apache.ibatis.exceptions.TooManyResultsException: Expected one result (or null) to be returned by selectOne(), but found: 4
at org.apache.ibatis.session.defaults.DefaultSqlSession.selectOne(DefaultSqlSession.java:81)
at com.course.cases.AddUserTest.addUser(AddUserTest.java:31)
at sun.reflect.NativeMethodAccessorImpl.invoke0(Native Method)
at sun.reflect.NativeMethodAccessorImpl.invoke(NativeMethodAccessorImpl.java:62)
at sun.reflect.DelegatingMethodAccessorImpl.invoke(DelegatingMethodAccessorImpl.java:43)
at java.lang.reflect.Method.invoke(Method.java:498)
at org.testng.internal.MethodInvocationHelper.invokeMethod(MethodInvocationHelper.java:134)
at org.testng.internal.TestInvoker.invokeMethod(TestInvoker.java:597)
at org.testng.internal.TestInvoker.invokeTestMethod(TestInvoker.java:173)
at org.testng.internal.MethodRunner.runInSequence(MethodRunner.java:46)
at org.testng.internal.TestInvoker$MethodInvocationAgent.invoke(TestInvoker.java:816)
at org.testng.internal.TestInvoker.invokeTestMethods(TestInvoker.java:146)
at org.testng.internal.TestMethodWorker.invokeTestMethods(TestMethodWorker.java:146)
at org.testng.internal.TestMethodWorker.run(TestMethodWorker.java:128)
at java.util.ArrayList.forEach(ArrayList.java:1257)
at org.testng.TestRunner.privateRun(TestRunner.java:766)
at org.testng.TestRunner.run(TestRunner.java:587)
at org.testng.SuiteRunner.runTest(SuiteRunner.java:384)
at org.testng.SuiteRunner.runSequentially(SuiteRunner.java:378)
at org.testng.SuiteRunner.privateRun(SuiteRunner.java:337)
at org.testng.SuiteRunner.run(SuiteRunner.java:286)
at org.testng.SuiteRunnerWorker.runSuite(SuiteRunnerWorker.java:53)
at org.testng.SuiteRunnerWorker.run(SuiteRunnerWorker.java:96)
at org.testng.TestNG.runSuitesSequentially(TestNG.java:1187)
at org.testng.TestNG.runSuitesLocally(TestNG.java:1109)
at org.testng.TestNG.runSuites(TestNG.java:1039)
at org.testng.TestNG.run(TestNG.java:1007)
at org.apache.maven.surefire.testng.TestNGExecutor.run(TestNGExecutor.java:283)
at org.apache.maven.surefire.testng.TestNGXmlTestSuite.execute(TestNGXmlTestSuite.java:75)
at org.apache.maven.surefire.testng.TestNGProvider.invoke(TestNGProvider.java:120)
at org.apache.maven.surefire.booter.ForkedBooter.invokeProviderInSameClassLoader(ForkedBooter.java:383)
at org.apache.maven.surefire.booter.ForkedBooter.runSuitesInProcess(ForkedBooter.java:344)
at org.apache.maven.surefire.booter.ForkedBooter.execute(ForkedBooter.java:125)
at org.apache.maven.surefire.booter.ForkedBooter.main(ForkedBooter.java:417)
]]>
            </full-stacktrace>
          </exception> <!-- org.apache.ibatis.exceptions.TooManyResultsException -->
          <reporter-output>
          </reporter-output>
        </test-method> <!-- addUser -->
      </class> <!-- com.course.cases.AddUserTest -->
    </test> <!-- 用户管理侧测试用例 -->
  </suite> <!-- 用户管理系统测试套件 -->
</testng-results>
